#-----------------------------------------------------------
# Vivado v2019.2 (64-bit)
# SW Build 2708876 on Wed Nov  6 21:40:23 MST 2019
# IP Build 2700528 on Thu Nov  7 00:09:20 MST 2019
# Start of session at: Sun Aug 18 15:43:05 2024
# Process ID: 3612
# Current directory: C:/Users/PC/Documents/GitHub/AIRCONOMY_Verilog_Project/Eletric_Fan_2
# Command line: vivado.exe -gui_launcher_event rodinguilauncherevent5232 C:\Users\PC\Documents\GitHub\AIRCONOMY_Verilog_Project\Eletric_Fan_2\basys3_soc.xpr
# Log file: C:/Users/PC/Documents/GitHub/AIRCONOMY_Verilog_Project/Eletric_Fan_2/vivado.log
# Journal file: C:/Users/PC/Documents/GitHub/AIRCONOMY_Verilog_Project/Eletric_Fan_2\vivado.jou
#-----------------------------------------------------------
start_gui
open_project C:/Users/PC/Documents/GitHub/AIRCONOMY_Verilog_Project/Eletric_Fan_2/basys3_soc.xpr
INFO: [Project 1-313] Project file moved from 'C:/Users/user/Documents/GitHub/AIRCONOMY_Verilog_Project/Eletric_Fan_2' since last save.
Scanning sources...
Finished scanning sources
WARNING: [filemgmt 56-2] Board Part Repository Path: Could not find the directory 'C:/Users/PC/Documents/Users/kcci/AppData/Roaming/Xilinx/Vivado/2019.2/xhub/board_store', nor could it be found using path 'C:/Users/user/Documents/Users/kcci/AppData/Roaming/Xilinx/Vivado/2019.2/xhub/board_store'.
INFO: [IP_Flow 19-234] Refreshing IP repositories
INFO: [IP_Flow 19-1704] No user IP repositories specified
INFO: [IP_Flow 19-2313] Loaded Vivado IP repository 'C:/Xilinx/Vivado/2019.2/data/ip'.
open_project: Time (s): cpu = 00:00:15 ; elapsed = 00:00:11 . Memory (MB): peak = 831.141 ; gain = 200.375
update_compile_order -fileset sources_1
reset_run synth_1
launch_runs impl_1 -to_step write_bitstream -jobs 4
[Sun Aug 18 17:35:47 2024] Launched synth_1...
Run output will be captured here: C:/Users/PC/Documents/GitHub/AIRCONOMY_Verilog_Project/Eletric_Fan_2/basys3_soc.runs/synth_1/runme.log
[Sun Aug 18 17:35:47 2024] Launched impl_1...
Run output will be captured here: C:/Users/PC/Documents/GitHub/AIRCONOMY_Verilog_Project/Eletric_Fan_2/basys3_soc.runs/impl_1/runme.log
exit
INFO: [Common 17-206] Exiting Vivado at Sun Aug 18 17:39:30 2024...
