#-----------------------------------------------------------
# Vivado v2019.2 (64-bit)
# SW Build 2708876 on Wed Nov  6 21:40:23 MST 2019
# IP Build 2700528 on Thu Nov  7 00:09:20 MST 2019
# Start of session at: Thu Aug 15 11:13:42 2024
# Process ID: 7940
# Current directory: C:/Users/kimhk/Documents/GitHub/AIRCONOMY_Verilog_Project/Eletric_Fan_2
# Command line: vivado.exe -gui_launcher_event rodinguilauncherevent9676 C:\Users\kimhk\Documents\GitHub\AIRCONOMY_Verilog_Project\Eletric_Fan_2\basys3_soc.xpr
# Log file: C:/Users/kimhk/Documents/GitHub/AIRCONOMY_Verilog_Project/Eletric_Fan_2/vivado.log
# Journal file: C:/Users/kimhk/Documents/GitHub/AIRCONOMY_Verilog_Project/Eletric_Fan_2\vivado.jou
#-----------------------------------------------------------
start_gui
open_project C:/Users/kimhk/Documents/GitHub/AIRCONOMY_Verilog_Project/Eletric_Fan_2/basys3_soc.xpr
INFO: [Project 1-313] Project file moved from 'C:/Users/user/Documents/GitHub/AIRCONOMY_Verilog_Project/Eletric_Fan_2' since last save.
Scanning sources...
Finished scanning sources
WARNING: [filemgmt 56-2] Board Part Repository Path: Could not find the directory 'C:/Users/kimhk/Documents/Users/kcci/AppData/Roaming/Xilinx/Vivado/2019.2/xhub/board_store', nor could it be found using path 'C:/Users/user/Documents/Users/kcci/AppData/Roaming/Xilinx/Vivado/2019.2/xhub/board_store'.
INFO: [IP_Flow 19-234] Refreshing IP repositories
INFO: [IP_Flow 19-1704] No user IP repositories specified
INFO: [IP_Flow 19-2313] Loaded Vivado IP repository 'C:/Xilinx/Vivado/2019.2/data/ip'.
update_compile_order -fileset sources_1
exit
INFO: [Common 17-206] Exiting Vivado at Thu Aug 15 11:17:57 2024...
