#-----------------------------------------------------------
# Vivado v2019.2 (64-bit)
# SW Build 2708876 on Wed Nov  6 21:40:23 MST 2019
# IP Build 2700528 on Thu Nov  7 00:09:20 MST 2019
# Start of session at: Sun Aug 18 17:39:57 2024
# Process ID: 8976
# Current directory: C:/Users/PC/Documents/GitHub/AIRCONOMY_Verilog_Project/Eletric_Fan_2
# Command line: vivado.exe -gui_launcher_event rodinguilauncherevent3332 C:\Users\PC\Documents\GitHub\AIRCONOMY_Verilog_Project\Eletric_Fan_2\basys3_soc.xpr
# Log file: C:/Users/PC/Documents/GitHub/AIRCONOMY_Verilog_Project/Eletric_Fan_2/vivado.log
# Journal file: C:/Users/PC/Documents/GitHub/AIRCONOMY_Verilog_Project/Eletric_Fan_2\vivado.jou
#-----------------------------------------------------------
start_gui
open_project C:/Users/PC/Documents/GitHub/AIRCONOMY_Verilog_Project/Eletric_Fan_2/basys3_soc.xpr
Scanning sources...
Finished scanning sources
WARNING: [filemgmt 56-3] Board Part Repository Path: Could not find the directory 'C:/Users/PC/Documents/Users/kcci/AppData/Roaming/Xilinx/Vivado/2019.2/xhub/board_store'.
INFO: [IP_Flow 19-234] Refreshing IP repositories
INFO: [IP_Flow 19-1704] No user IP repositories specified
INFO: [IP_Flow 19-2313] Loaded Vivado IP repository 'C:/Xilinx/Vivado/2019.2/data/ip'.
open_project: Time (s): cpu = 00:00:15 ; elapsed = 00:00:07 . Memory (MB): peak = 885.906 ; gain = 251.738
update_compile_order -fileset sources_1
reset_run impl_1 -prev_step 
launch_runs impl_1 -to_step write_bitstream -jobs 4
[Sun Aug 18 17:41:44 2024] Launched impl_1...
Run output will be captured here: C:/Users/PC/Documents/GitHub/AIRCONOMY_Verilog_Project/Eletric_Fan_2/basys3_soc.runs/impl_1/runme.log
reset_run synth_1
launch_runs impl_1 -to_step write_bitstream -jobs 4
[Sun Aug 18 17:43:33 2024] Launched synth_1...
Run output will be captured here: C:/Users/PC/Documents/GitHub/AIRCONOMY_Verilog_Project/Eletric_Fan_2/basys3_soc.runs/synth_1/runme.log
[Sun Aug 18 17:43:33 2024] Launched impl_1...
Run output will be captured here: C:/Users/PC/Documents/GitHub/AIRCONOMY_Verilog_Project/Eletric_Fan_2/basys3_soc.runs/impl_1/runme.log
reset_run synth_1
launch_runs impl_1 -to_step write_bitstream -jobs 4
[Sun Aug 18 17:46:36 2024] Launched synth_1...
Run output will be captured here: C:/Users/PC/Documents/GitHub/AIRCONOMY_Verilog_Project/Eletric_Fan_2/basys3_soc.runs/synth_1/runme.log
[Sun Aug 18 17:46:36 2024] Launched impl_1...
Run output will be captured here: C:/Users/PC/Documents/GitHub/AIRCONOMY_Verilog_Project/Eletric_Fan_2/basys3_soc.runs/impl_1/runme.log
open_hw_manager
connect_hw_server -allow_non_jtag
INFO: [Labtools 27-2285] Connecting to hw_server url TCP:localhost:3121
INFO: [Labtools 27-2222] Launching hw_server...
INFO: [Labtools 27-2221] Launch Output:

****** Xilinx hw_server v2019.2
  **** Build date : Nov  6 2019 at 22:12:23
    ** Copyright 1986-2019 Xilinx, Inc. All Rights Reserved.


INFO: [Labtools 27-3415] Connecting to cs_server url TCP:localhost:3042
INFO: [Labtools 27-3417] Launching cs_server...
INFO: [Labtools 27-2221] Launch Output:


****** Xilinx cs_server v2019.2.0
  **** Build date : Nov 07 2019-14:28:22
    ** Copyright 2017-2019 Xilinx, Inc. All Rights Reserved.



connect_hw_server: Time (s): cpu = 00:00:00 ; elapsed = 00:00:09 . Memory (MB): peak = 1153.180 ; gain = 3.957
exit
INFO: [Common 17-206] Exiting Vivado at Sun Aug 18 17:51:40 2024...
