
*** Running vivado
    with args -log top_module_of_electric_fan.vds -m64 -product Vivado -mode batch -messageDb vivado.pb -notrace -source top_module_of_electric_fan.tcl


****** Vivado v2019.2 (64-bit)
  **** SW Build 2708876 on Wed Nov  6 21:40:23 MST 2019
  **** IP Build 2700528 on Thu Nov  7 00:09:20 MST 2019
    ** Copyright 1986-2019 Xilinx, Inc. All Rights Reserved.

source top_module_of_electric_fan.tcl -notrace
Command: synth_design -top top_module_of_electric_fan -part xc7a35tcpg236-1
Starting synth_design
Attempting to get a license for feature 'Synthesis' and/or device 'xc7a35t'
INFO: [Common 17-349] Got license for feature 'Synthesis' and/or device 'xc7a35t'
INFO: [Device 21-403] Loading part xc7a35tcpg236-1
INFO: Launching helper process for spawning children vivado processes
INFO: Helper process launched with PID 8352 
WARNING: [Synth 8-6901] identifier 'state' is used before its declaration [E:/Work/vivado_2019/basys3_soc/basys3_soc.srcs/sources_1/new/controler.v:691]
WARNING: [Synth 8-6901] identifier 'state' is used before its declaration [E:/Work/vivado_2019/basys3_soc/basys3_soc.srcs/sources_1/new/controler.v:835]
WARNING: [Synth 8-976] duty has already been declared [E:/Work/vivado_2019/basys3_soc/basys3_soc.srcs/sources_1/new/Project_Electric_Fan.v:69]
WARNING: [Synth 8-2654] second declaration of duty ignored [E:/Work/vivado_2019/basys3_soc/basys3_soc.srcs/sources_1/new/Project_Electric_Fan.v:69]
INFO: [Synth 8-994] duty is declared here [E:/Work/vivado_2019/basys3_soc/basys3_soc.srcs/sources_1/new/Project_Electric_Fan.v:54]
WARNING: [Synth 8-2507] parameter declaration becomes local in pwm_cntr with formal parameter declaration list [E:/Work/vivado_2019/basys3_soc/basys3_soc.srcs/sources_1/new/Project_Electric_Fan.v:282]
WARNING: [Synth 8-2507] parameter declaration becomes local in pwm_cntr with formal parameter declaration list [E:/Work/vivado_2019/basys3_soc/basys3_soc.srcs/sources_1/new/Project_Electric_Fan.v:283]
WARNING: [Synth 8-2507] parameter declaration becomes local in pwm_cntr with formal parameter declaration list [E:/Work/vivado_2019/basys3_soc/basys3_soc.srcs/sources_1/new/Project_Electric_Fan.v:284]
WARNING: [Synth 8-2507] parameter declaration becomes local in pwm_cntr with formal parameter declaration list [E:/Work/vivado_2019/basys3_soc/basys3_soc.srcs/sources_1/new/Project_Electric_Fan.v:285]
---------------------------------------------------------------------------------
Starting RTL Elaboration : Time (s): cpu = 00:00:02 ; elapsed = 00:00:03 . Memory (MB): peak = 1164.848 ; gain = 233.281
---------------------------------------------------------------------------------
INFO: [Synth 8-6157] synthesizing module 'top_module_of_electric_fan' [E:/Work/vivado_2019/basys3_soc/basys3_soc.srcs/sources_1/new/Project_Electric_Fan.v:23]
	Parameter POWER_CONTROL bound to: 4'b0001 
	Parameter TIMER_CONTROL bound to: 4'b0010 
	Parameter LED_CONTROL bound to: 4'b0100 
	Parameter ECHO_CONTROL bound to: 4'b1000 
INFO: [Synth 8-6157] synthesizing module 'button_cntr' [E:/Work/vivado_2019/basys3_soc/basys3_soc.srcs/sources_1/new/controler.v:49]
INFO: [Synth 8-6157] synthesizing module 'edge_detector_p' [E:/Work/vivado_2019/basys3_soc/basys3_soc.srcs/sources_1/new/exam02_sequential_logic.v:289]
INFO: [Synth 8-6155] done synthesizing module 'edge_detector_p' (1#1) [E:/Work/vivado_2019/basys3_soc/basys3_soc.srcs/sources_1/new/exam02_sequential_logic.v:289]
WARNING: [Synth 8-7023] instance 'ed_clk' of module 'edge_detector_p' has 5 connections declared, but only 4 given [E:/Work/vivado_2019/basys3_soc/basys3_soc.srcs/sources_1/new/controler.v:58]
INFO: [Synth 8-6155] done synthesizing module 'button_cntr' (2#1) [E:/Work/vivado_2019/basys3_soc/basys3_soc.srcs/sources_1/new/controler.v:49]
WARNING: [Synth 8-7023] instance 'btn_power_cntr' of module 'button_cntr' has 5 connections declared, but only 4 given [E:/Work/vivado_2019/basys3_soc/basys3_soc.srcs/sources_1/new/Project_Electric_Fan.v:39]
WARNING: [Synth 8-7023] instance 'btn_timer_cntr' of module 'button_cntr' has 5 connections declared, but only 4 given [E:/Work/vivado_2019/basys3_soc/basys3_soc.srcs/sources_1/new/Project_Electric_Fan.v:40]
WARNING: [Synth 8-7023] instance 'btn_led_cntr' of module 'button_cntr' has 5 connections declared, but only 4 given [E:/Work/vivado_2019/basys3_soc/basys3_soc.srcs/sources_1/new/Project_Electric_Fan.v:41]
WARNING: [Synth 8-7023] instance 'btn_echo_cntr' of module 'button_cntr' has 5 connections declared, but only 4 given [E:/Work/vivado_2019/basys3_soc/basys3_soc.srcs/sources_1/new/Project_Electric_Fan.v:42]
INFO: [Synth 8-6157] synthesizing module 'power_cntr' [E:/Work/vivado_2019/basys3_soc/basys3_soc.srcs/sources_1/new/Project_Electric_Fan.v:159]
	Parameter TURN_OFF bound to: 4'b0001 
	Parameter FIRST_SPEED bound to: 4'b0010 
	Parameter SECOND_SPPED bound to: 4'b0100 
	Parameter THIRD_SPEED bound to: 4'b1000 
INFO: [Synth 8-6155] done synthesizing module 'power_cntr' (3#1) [E:/Work/vivado_2019/basys3_soc/basys3_soc.srcs/sources_1/new/Project_Electric_Fan.v:159]
INFO: [Synth 8-6157] synthesizing module 'pwm_cntr' [E:/Work/vivado_2019/basys3_soc/basys3_soc.srcs/sources_1/new/Project_Electric_Fan.v:223]
	Parameter sys_clk bound to: 100000000 - type: integer 
	Parameter pwm_freq bound to: 100 - type: integer 
	Parameter duty_step bound to: 4 - type: integer 
	Parameter temp bound to: 250000 - type: integer 
	Parameter temp_half bound to: 125000 - type: integer 
	Parameter SETTING_0SEC bound to: 4'b0000 
	Parameter SETTING_5SEC bound to: 4'b0101 
	Parameter SETTING_10SEC bound to: 4'b1010 
	Parameter SETTING_15SEC bound to: 4'b1111 
WARNING: [Synth 8-7023] instance 'ed' of module 'edge_detector_p' has 5 connections declared, but only 4 given [E:/Work/vivado_2019/basys3_soc/basys3_soc.srcs/sources_1/new/Project_Electric_Fan.v:254]
INFO: [Synth 8-6157] synthesizing module 'clock_div_100' [E:/Work/vivado_2019/basys3_soc/basys3_soc.srcs/sources_1/new/clock_library.v:23]
INFO: [Synth 8-6157] synthesizing module 'edge_detector_n' [E:/Work/vivado_2019/basys3_soc/basys3_soc.srcs/sources_1/new/exam02_sequential_logic.v:311]
INFO: [Synth 8-6155] done synthesizing module 'edge_detector_n' (4#1) [E:/Work/vivado_2019/basys3_soc/basys3_soc.srcs/sources_1/new/exam02_sequential_logic.v:311]
WARNING: [Synth 8-7023] instance 'ed' of module 'edge_detector_n' has 5 connections declared, but only 4 given [E:/Work/vivado_2019/basys3_soc/basys3_soc.srcs/sources_1/new/clock_library.v:40]
INFO: [Synth 8-6155] done synthesizing module 'clock_div_100' (5#1) [E:/Work/vivado_2019/basys3_soc/basys3_soc.srcs/sources_1/new/clock_library.v:23]
WARNING: [Synth 8-7023] instance 'usec_clk' of module 'clock_div_100' has 4 connections declared, but only 3 given [E:/Work/vivado_2019/basys3_soc/basys3_soc.srcs/sources_1/new/Project_Electric_Fan.v:273]
INFO: [Synth 8-6157] synthesizing module 'clock_div_1000' [E:/Work/vivado_2019/basys3_soc/basys3_soc.srcs/sources_1/new/clock_library.v:47]
WARNING: [Synth 8-7023] instance 'ed_source' of module 'edge_detector_n' has 5 connections declared, but only 4 given [E:/Work/vivado_2019/basys3_soc/basys3_soc.srcs/sources_1/new/clock_library.v:56]
WARNING: [Synth 8-7023] instance 'ed' of module 'edge_detector_n' has 5 connections declared, but only 4 given [E:/Work/vivado_2019/basys3_soc/basys3_soc.srcs/sources_1/new/clock_library.v:70]
INFO: [Synth 8-6155] done synthesizing module 'clock_div_1000' (6#1) [E:/Work/vivado_2019/basys3_soc/basys3_soc.srcs/sources_1/new/clock_library.v:47]
WARNING: [Synth 8-7023] instance 'msec_clk' of module 'clock_div_1000' has 5 connections declared, but only 4 given [E:/Work/vivado_2019/basys3_soc/basys3_soc.srcs/sources_1/new/Project_Electric_Fan.v:274]
WARNING: [Synth 8-7023] instance 'sec_clk' of module 'clock_div_1000' has 5 connections declared, but only 4 given [E:/Work/vivado_2019/basys3_soc/basys3_soc.srcs/sources_1/new/Project_Electric_Fan.v:275]
WARNING: [Synth 8-5788] Register timer_setting_reg in module pwm_cntr is has both Set and reset with same priority. This may cause simulation mismatches. Consider rewriting code  [E:/Work/vivado_2019/basys3_soc/basys3_soc.srcs/sources_1/new/Project_Electric_Fan.v:307]
INFO: [Synth 8-6155] done synthesizing module 'pwm_cntr' (7#1) [E:/Work/vivado_2019/basys3_soc/basys3_soc.srcs/sources_1/new/Project_Electric_Fan.v:223]
INFO: [Synth 8-6157] synthesizing module 'fnd_cntr' [E:/Work/vivado_2019/basys3_soc/basys3_soc.srcs/sources_1/new/controler.v:22]
INFO: [Synth 8-6157] synthesizing module 'ring_counter_fnd' [E:/Work/vivado_2019/basys3_soc/basys3_soc.srcs/sources_1/new/exam02_sequential_logic.v:270]
WARNING: [Synth 8-7023] instance 'ed' of module 'edge_detector_p' has 5 connections declared, but only 4 given [E:/Work/vivado_2019/basys3_soc/basys3_soc.srcs/sources_1/new/exam02_sequential_logic.v:278]
INFO: [Synth 8-6155] done synthesizing module 'ring_counter_fnd' (8#1) [E:/Work/vivado_2019/basys3_soc/basys3_soc.srcs/sources_1/new/exam02_sequential_logic.v:270]
INFO: [Synth 8-155] case statement is not full and has no default [E:/Work/vivado_2019/basys3_soc/basys3_soc.srcs/sources_1/new/controler.v:32]
INFO: [Synth 8-6157] synthesizing module 'decoder_7seg' [E:/Work/vivado_2019/basys3_soc/basys3_soc.srcs/sources_1/new/exam01_combinational_logic.v:261]
INFO: [Synth 8-6155] done synthesizing module 'decoder_7seg' (9#1) [E:/Work/vivado_2019/basys3_soc/basys3_soc.srcs/sources_1/new/exam01_combinational_logic.v:261]
INFO: [Synth 8-6155] done synthesizing module 'fnd_cntr' (10#1) [E:/Work/vivado_2019/basys3_soc/basys3_soc.srcs/sources_1/new/controler.v:22]
WARNING: [Synth 8-3848] Net echo_duty in module/entity top_module_of_electric_fan does not have driver. [E:/Work/vivado_2019/basys3_soc/basys3_soc.srcs/sources_1/new/Project_Electric_Fan.v:65]
WARNING: [Synth 8-3848] Net led in module/entity top_module_of_electric_fan does not have driver. [E:/Work/vivado_2019/basys3_soc/basys3_soc.srcs/sources_1/new/Project_Electric_Fan.v:28]
INFO: [Synth 8-6155] done synthesizing module 'top_module_of_electric_fan' (11#1) [E:/Work/vivado_2019/basys3_soc/basys3_soc.srcs/sources_1/new/Project_Electric_Fan.v:23]
WARNING: [Synth 8-3331] design top_module_of_electric_fan has unconnected port led
WARNING: [Synth 8-3331] design top_module_of_electric_fan has unconnected port sw_direction_cntr
---------------------------------------------------------------------------------
Finished RTL Elaboration : Time (s): cpu = 00:00:03 ; elapsed = 00:00:04 . Memory (MB): peak = 1213.832 ; gain = 282.266
---------------------------------------------------------------------------------

Report Check Netlist: 
+------+------------------+-------+---------+-------+------------------+
|      |Item              |Errors |Warnings |Status |Description       |
+------+------------------+-------+---------+-------+------------------+
|1     |multi_driven_nets |      0|        0|Passed |Multi driven nets |
+------+------------------+-------+---------+-------+------------------+
---------------------------------------------------------------------------------
Start Handling Custom Attributes
---------------------------------------------------------------------------------
---------------------------------------------------------------------------------
Finished Handling Custom Attributes : Time (s): cpu = 00:00:03 ; elapsed = 00:00:04 . Memory (MB): peak = 1228.781 ; gain = 297.215
---------------------------------------------------------------------------------
---------------------------------------------------------------------------------
Finished RTL Optimization Phase 1 : Time (s): cpu = 00:00:03 ; elapsed = 00:00:04 . Memory (MB): peak = 1228.781 ; gain = 297.215
---------------------------------------------------------------------------------
Netlist sorting complete. Time (s): cpu = 00:00:00 ; elapsed = 00:00:00.006 . Memory (MB): peak = 1228.781 ; gain = 0.000
INFO: [Project 1-570] Preparing netlist for logic optimization

Processing XDC Constraints
Initializing timing engine
Parsing XDC File [E:/Work/vivado_2019/basys3_soc/basys3_soc.srcs/constrs_1/imports/verilog/Basys-3-Master.xdc]
WARNING: [Vivado 12-584] No ports matched 'led_debug[4]'. [E:/Work/vivado_2019/basys3_soc/basys3_soc.srcs/constrs_1/imports/verilog/Basys-3-Master.xdc:35]
CRITICAL WARNING: [Common 17-55] 'set_property' expects at least one object. [E:/Work/vivado_2019/basys3_soc/basys3_soc.srcs/constrs_1/imports/verilog/Basys-3-Master.xdc:35]
Resolution: If [get_<value>] was used to populate the object, check to make sure this command returns at least one valid object.
Finished Parsing XDC File [E:/Work/vivado_2019/basys3_soc/basys3_soc.srcs/constrs_1/imports/verilog/Basys-3-Master.xdc]
INFO: [Project 1-236] Implementation specific constraints were found while reading constraint file [E:/Work/vivado_2019/basys3_soc/basys3_soc.srcs/constrs_1/imports/verilog/Basys-3-Master.xdc]. These constraints will be ignored for synthesis but will be used in implementation. Impacted constraints are listed in the file [.Xil/top_module_of_electric_fan_propImpl.xdc].
Resolution: To avoid this warning, move constraints listed in [.Xil/top_module_of_electric_fan_propImpl.xdc] to another XDC file and exclude this new file from synthesis with the used_in_synthesis property (File Properties dialog in GUI) and re-run elaboration/synthesis.
Completed Processing XDC Constraints

Netlist sorting complete. Time (s): cpu = 00:00:00 ; elapsed = 00:00:00.001 . Memory (MB): peak = 1347.219 ; gain = 0.000
INFO: [Project 1-111] Unisim Transformation Summary:
No Unisim elements were transformed.

Constraint Validation Runtime : Time (s): cpu = 00:00:00 ; elapsed = 00:00:00.002 . Memory (MB): peak = 1347.219 ; gain = 0.000
---------------------------------------------------------------------------------
Finished Constraint Validation : Time (s): cpu = 00:00:06 ; elapsed = 00:00:09 . Memory (MB): peak = 1347.219 ; gain = 415.652
---------------------------------------------------------------------------------
---------------------------------------------------------------------------------
Start Loading Part and Timing Information
---------------------------------------------------------------------------------
Loading part: xc7a35tcpg236-1
---------------------------------------------------------------------------------
Finished Loading Part and Timing Information : Time (s): cpu = 00:00:06 ; elapsed = 00:00:09 . Memory (MB): peak = 1347.219 ; gain = 415.652
---------------------------------------------------------------------------------
---------------------------------------------------------------------------------
Start Applying 'set_property' XDC Constraints
---------------------------------------------------------------------------------
---------------------------------------------------------------------------------
Finished applying 'set_property' XDC Constraints : Time (s): cpu = 00:00:06 ; elapsed = 00:00:09 . Memory (MB): peak = 1347.219 ; gain = 415.652
---------------------------------------------------------------------------------
INFO: [Synth 8-802] inferred FSM for state register 'state_reg' in module 'pwm_cntr'
---------------------------------------------------------------------------------------------------
                   State |                     New Encoding |                Previous Encoding 
---------------------------------------------------------------------------------------------------
            SETTING_0SEC |                               00 |                             0000
            SETTING_5SEC |                               01 |                             0101
           SETTING_10SEC |                               10 |                             1010
           SETTING_15SEC |                               11 |                             1111
---------------------------------------------------------------------------------------------------
INFO: [Synth 8-3354] encoded FSM with state register 'state_reg' using encoding 'sequential' in module 'pwm_cntr'
---------------------------------------------------------------------------------
Finished RTL Optimization Phase 2 : Time (s): cpu = 00:00:06 ; elapsed = 00:00:09 . Memory (MB): peak = 1347.219 ; gain = 415.652
---------------------------------------------------------------------------------

Report RTL Partitions: 
+-+--------------+------------+----------+
| |RTL Partition |Replication |Instances |
+-+--------------+------------+----------+
+-+--------------+------------+----------+
---------------------------------------------------------------------------------
Start RTL Component Statistics 
---------------------------------------------------------------------------------
Detailed RTL Component Info : 
+---Adders : 
	   2 Input     10 Bit       Adders := 2     
	   2 Input      7 Bit       Adders := 1     
	   2 Input      4 Bit       Adders := 1     
+---Registers : 
	               10 Bit    Registers := 2     
	                7 Bit    Registers := 1     
	                4 Bit    Registers := 7     
	                2 Bit    Registers := 1     
	                1 Bit    Registers := 35    
+---Muxes : 
	   2 Input     10 Bit        Muxes := 2     
	   2 Input      7 Bit        Muxes := 1     
	   5 Input      4 Bit        Muxes := 2     
	   2 Input      4 Bit        Muxes := 2     
	   4 Input      4 Bit        Muxes := 2     
	   5 Input      2 Bit        Muxes := 1     
	   4 Input      2 Bit        Muxes := 1     
	   2 Input      2 Bit        Muxes := 1     
	   2 Input      1 Bit        Muxes := 34    
	   5 Input      1 Bit        Muxes := 2     
	   4 Input      1 Bit        Muxes := 1     
---------------------------------------------------------------------------------
Finished RTL Component Statistics 
---------------------------------------------------------------------------------
---------------------------------------------------------------------------------
Start RTL Hierarchical Component Statistics 
---------------------------------------------------------------------------------
Hierarchical RTL Component report 
Module top_module_of_electric_fan 
Detailed RTL Component Info : 
+---Registers : 
	                4 Bit    Registers := 1     
+---Muxes : 
	   4 Input      4 Bit        Muxes := 2     
	   2 Input      2 Bit        Muxes := 1     
	   2 Input      1 Bit        Muxes := 3     
Module edge_detector_p 
Detailed RTL Component Info : 
+---Registers : 
	                1 Bit    Registers := 2     
+---Muxes : 
	   2 Input      1 Bit        Muxes := 2     
Module button_cntr 
Detailed RTL Component Info : 
+---Registers : 
	                1 Bit    Registers := 1     
Module power_cntr 
Detailed RTL Component Info : 
+---Registers : 
	                4 Bit    Registers := 2     
	                2 Bit    Registers := 1     
+---Muxes : 
	   5 Input      4 Bit        Muxes := 1     
	   5 Input      2 Bit        Muxes := 1     
	   5 Input      1 Bit        Muxes := 1     
Module edge_detector_n 
Detailed RTL Component Info : 
+---Registers : 
	                1 Bit    Registers := 2     
+---Muxes : 
	   2 Input      1 Bit        Muxes := 2     
Module clock_div_100 
Detailed RTL Component Info : 
+---Adders : 
	   2 Input      7 Bit       Adders := 1     
+---Registers : 
	                7 Bit    Registers := 1     
+---Muxes : 
	   2 Input      7 Bit        Muxes := 1     
Module clock_div_1000 
Detailed RTL Component Info : 
+---Adders : 
	   2 Input     10 Bit       Adders := 1     
+---Registers : 
	               10 Bit    Registers := 1     
+---Muxes : 
	   2 Input     10 Bit        Muxes := 1     
Module pwm_cntr 
Detailed RTL Component Info : 
+---Adders : 
	   2 Input      4 Bit       Adders := 1     
+---Registers : 
	                4 Bit    Registers := 2     
	                1 Bit    Registers := 1     
+---Muxes : 
	   2 Input      4 Bit        Muxes := 1     
	   4 Input      2 Bit        Muxes := 1     
	   4 Input      1 Bit        Muxes := 1     
	   2 Input      1 Bit        Muxes := 1     
Module ring_counter_fnd 
Detailed RTL Component Info : 
+---Registers : 
	                4 Bit    Registers := 1     
+---Muxes : 
	   2 Input      4 Bit        Muxes := 1     
Module fnd_cntr 
Detailed RTL Component Info : 
+---Registers : 
	                4 Bit    Registers := 1     
+---Muxes : 
	   5 Input      4 Bit        Muxes := 1     
	   5 Input      1 Bit        Muxes := 1     
---------------------------------------------------------------------------------
Finished RTL Hierarchical Component Statistics
---------------------------------------------------------------------------------
---------------------------------------------------------------------------------
Start Part Resource Summary
---------------------------------------------------------------------------------
Part Resources:
DSPs: 90 (col length:60)
BRAMs: 100 (col length: RAMB18 60 RAMB36 30)
---------------------------------------------------------------------------------
Finished Part Resource Summary
---------------------------------------------------------------------------------
---------------------------------------------------------------------------------
Start Cross Boundary and Area Optimization
---------------------------------------------------------------------------------
Warning: Parallel synthesis criteria is not met 
INFO: [Synth 8-4471] merging register 'control_pwm/msec_clk/ed_source/ff_cur_reg' into 'control_pwm/usec_clk/ed/ff_cur_reg' [E:/Work/vivado_2019/basys3_soc/basys3_soc.srcs/sources_1/new/exam02_sequential_logic.v:319]
INFO: [Synth 8-4471] merging register 'control_pwm/msec_clk/ed_source/ff_old_reg' into 'control_pwm/usec_clk/ed/ff_old_reg' [E:/Work/vivado_2019/basys3_soc/basys3_soc.srcs/sources_1/new/exam02_sequential_logic.v:320]
INFO: [Synth 8-4471] merging register 'control_pwm/sec_clk/ed_source/ff_cur_reg' into 'control_pwm/msec_clk/ed/ff_cur_reg' [E:/Work/vivado_2019/basys3_soc/basys3_soc.srcs/sources_1/new/exam02_sequential_logic.v:319]
INFO: [Synth 8-4471] merging register 'control_pwm/sec_clk/ed_source/ff_old_reg' into 'control_pwm/msec_clk/ed/ff_old_reg' [E:/Work/vivado_2019/basys3_soc/basys3_soc.srcs/sources_1/new/exam02_sequential_logic.v:320]
INFO: [Synth 8-4471] merging register 'btn_timer_cntr/ed_clk/ff_cur_reg' into 'btn_power_cntr/ed_clk/ff_cur_reg' [E:/Work/vivado_2019/basys3_soc/basys3_soc.srcs/sources_1/new/exam02_sequential_logic.v:297]
INFO: [Synth 8-4471] merging register 'btn_led_cntr/ed_clk/ff_cur_reg' into 'btn_power_cntr/ed_clk/ff_cur_reg' [E:/Work/vivado_2019/basys3_soc/basys3_soc.srcs/sources_1/new/exam02_sequential_logic.v:297]
INFO: [Synth 8-4471] merging register 'btn_echo_cntr/ed_clk/ff_cur_reg' into 'btn_power_cntr/ed_clk/ff_cur_reg' [E:/Work/vivado_2019/basys3_soc/basys3_soc.srcs/sources_1/new/exam02_sequential_logic.v:297]
INFO: [Synth 8-4471] merging register 'fnd/rc/ed/ff_cur_reg' into 'btn_power_cntr/ed_clk/ff_cur_reg' [E:/Work/vivado_2019/basys3_soc/basys3_soc.srcs/sources_1/new/exam02_sequential_logic.v:297]
INFO: [Synth 8-4471] merging register 'btn_timer_cntr/ed_clk/ff_old_reg' into 'btn_power_cntr/ed_clk/ff_old_reg' [E:/Work/vivado_2019/basys3_soc/basys3_soc.srcs/sources_1/new/exam02_sequential_logic.v:298]
INFO: [Synth 8-4471] merging register 'btn_led_cntr/ed_clk/ff_old_reg' into 'btn_power_cntr/ed_clk/ff_old_reg' [E:/Work/vivado_2019/basys3_soc/basys3_soc.srcs/sources_1/new/exam02_sequential_logic.v:298]
INFO: [Synth 8-4471] merging register 'btn_echo_cntr/ed_clk/ff_old_reg' into 'btn_power_cntr/ed_clk/ff_old_reg' [E:/Work/vivado_2019/basys3_soc/basys3_soc.srcs/sources_1/new/exam02_sequential_logic.v:298]
INFO: [Synth 8-4471] merging register 'fnd/rc/ed/ff_old_reg' into 'btn_power_cntr/ed_clk/ff_old_reg' [E:/Work/vivado_2019/basys3_soc/basys3_soc.srcs/sources_1/new/exam02_sequential_logic.v:298]
WARNING: [Synth 8-3331] design top_module_of_electric_fan has unconnected port led
WARNING: [Synth 8-3331] design top_module_of_electric_fan has unconnected port sw_direction_cntr
INFO: [Synth 8-3886] merging instance 'control_pwm/timer_setting_reg[1]' (FDE_1) to 'control_pwm/timer_setting_reg[3]'
INFO: [Synth 8-3886] merging instance 'control_pwm/timer_setting_reg[2]' (FDE_1) to 'control_pwm/timer_setting_reg[0]'
CRITICAL WARNING: [Synth 8-6859] multi-driven net on pin Q with 1st driver pin 'control_pwm/motor_run_enable_reg__0/Q' [E:/Work/vivado_2019/basys3_soc/basys3_soc.srcs/sources_1/new/Project_Electric_Fan.v:301]
CRITICAL WARNING: [Synth 8-6859] multi-driven net on pin Q with 2nd driver pin 'VCC' [E:/Work/vivado_2019/basys3_soc/basys3_soc.srcs/sources_1/new/Project_Electric_Fan.v:301]
CRITICAL WARNING: [Synth 8-6858] multi-driven net Q is connected to at least one constant driver which has been preserved, other driver is ignored [E:/Work/vivado_2019/basys3_soc/basys3_soc.srcs/sources_1/new/Project_Electric_Fan.v:301]
---------------------------------------------------------------------------------
Finished Cross Boundary and Area Optimization : Time (s): cpu = 00:00:06 ; elapsed = 00:00:10 . Memory (MB): peak = 1347.219 ; gain = 415.652
---------------------------------------------------------------------------------

Report RTL Partitions: 
+-+--------------+------------+----------+
| |RTL Partition |Replication |Instances |
+-+--------------+------------+----------+
+-+--------------+------------+----------+
---------------------------------------------------------------------------------
Start Applying XDC Timing Constraints
---------------------------------------------------------------------------------
---------------------------------------------------------------------------------
Finished Applying XDC Timing Constraints : Time (s): cpu = 00:00:09 ; elapsed = 00:00:15 . Memory (MB): peak = 1347.219 ; gain = 415.652
---------------------------------------------------------------------------------
---------------------------------------------------------------------------------
Start Timing Optimization
---------------------------------------------------------------------------------
---------------------------------------------------------------------------------
Finished Timing Optimization : Time (s): cpu = 00:00:09 ; elapsed = 00:00:15 . Memory (MB): peak = 1347.219 ; gain = 415.652
---------------------------------------------------------------------------------

Report RTL Partitions: 
+-+--------------+------------+----------+
| |RTL Partition |Replication |Instances |
+-+--------------+------------+----------+
+-+--------------+------------+----------+
---------------------------------------------------------------------------------
Start Technology Mapping
---------------------------------------------------------------------------------
---------------------------------------------------------------------------------
Finished Technology Mapping : Time (s): cpu = 00:00:09 ; elapsed = 00:00:15 . Memory (MB): peak = 1347.219 ; gain = 415.652
---------------------------------------------------------------------------------

Report RTL Partitions: 
+-+--------------+------------+----------+
| |RTL Partition |Replication |Instances |
+-+--------------+------------+----------+
+-+--------------+------------+----------+
---------------------------------------------------------------------------------
Start IO Insertion
---------------------------------------------------------------------------------
---------------------------------------------------------------------------------
Start Flattening Before IO Insertion
---------------------------------------------------------------------------------
---------------------------------------------------------------------------------
Finished Flattening Before IO Insertion
---------------------------------------------------------------------------------
---------------------------------------------------------------------------------
Start Final Netlist Cleanup
---------------------------------------------------------------------------------
---------------------------------------------------------------------------------
Finished Final Netlist Cleanup
---------------------------------------------------------------------------------
---------------------------------------------------------------------------------
Finished IO Insertion : Time (s): cpu = 00:00:10 ; elapsed = 00:00:18 . Memory (MB): peak = 1347.219 ; gain = 415.652
---------------------------------------------------------------------------------
---------------------------------------------------------------------------------
Start Renaming Generated Instances
---------------------------------------------------------------------------------
---------------------------------------------------------------------------------
Finished Renaming Generated Instances : Time (s): cpu = 00:00:10 ; elapsed = 00:00:18 . Memory (MB): peak = 1347.219 ; gain = 415.652
---------------------------------------------------------------------------------

Report RTL Partitions: 
+-+--------------+------------+----------+
| |RTL Partition |Replication |Instances |
+-+--------------+------------+----------+
+-+--------------+------------+----------+

Report Check Netlist: 
+------+------------------+-------+---------+-------+------------------+
|      |Item              |Errors |Warnings |Status |Description       |
+------+------------------+-------+---------+-------+------------------+
|1     |multi_driven_nets |      0|        0|Passed |Multi driven nets |
+------+------------------+-------+---------+-------+------------------+
---------------------------------------------------------------------------------
Start Rebuilding User Hierarchy
---------------------------------------------------------------------------------
---------------------------------------------------------------------------------
Finished Rebuilding User Hierarchy : Time (s): cpu = 00:00:10 ; elapsed = 00:00:18 . Memory (MB): peak = 1347.219 ; gain = 415.652
---------------------------------------------------------------------------------
---------------------------------------------------------------------------------
Start Renaming Generated Ports
---------------------------------------------------------------------------------
---------------------------------------------------------------------------------
Finished Renaming Generated Ports : Time (s): cpu = 00:00:10 ; elapsed = 00:00:18 . Memory (MB): peak = 1347.219 ; gain = 415.652
---------------------------------------------------------------------------------
---------------------------------------------------------------------------------
Start Handling Custom Attributes
---------------------------------------------------------------------------------
---------------------------------------------------------------------------------
Finished Handling Custom Attributes : Time (s): cpu = 00:00:10 ; elapsed = 00:00:18 . Memory (MB): peak = 1347.219 ; gain = 415.652
---------------------------------------------------------------------------------
---------------------------------------------------------------------------------
Start Renaming Generated Nets
---------------------------------------------------------------------------------
---------------------------------------------------------------------------------
Finished Renaming Generated Nets : Time (s): cpu = 00:00:10 ; elapsed = 00:00:18 . Memory (MB): peak = 1347.219 ; gain = 415.652
---------------------------------------------------------------------------------
---------------------------------------------------------------------------------
Start Writing Synthesis Report
---------------------------------------------------------------------------------

Report BlackBoxes: 
+-+--------------+----------+
| |BlackBox name |Instances |
+-+--------------+----------+
+-+--------------+----------+

Report Cell Usage: 
+------+-------+------+
|      |Cell   |Count |
+------+-------+------+
|1     |BUFG   |     1|
|2     |CARRY4 |    37|
|3     |LUT1   |     5|
|4     |LUT2   |   173|
|5     |LUT3   |    13|
|6     |LUT4   |    25|
|7     |LUT5   |    14|
|8     |LUT6   |    23|
|9     |FDCE   |   134|
|10    |FDPE   |     6|
|11    |FDRE   |    23|
|12    |IBUF   |     6|
|13    |OBUF   |    17|
|14    |OBUFT  |     1|
+------+-------+------+

Report Instance Areas: 
+------+-------------------+-------------------+------+
|      |Instance           |Module             |Cells |
+------+-------------------+-------------------+------+
|1     |top                |                   |   478|
|2     |  btn_echo_cntr    |button_cntr        |     4|
|3     |    ed_btn         |edge_detector_p_10 |     3|
|4     |  btn_led_cntr     |button_cntr_0      |     4|
|5     |    ed_btn         |edge_detector_p_9  |     3|
|6     |  btn_power_cntr   |button_cntr_1      |    30|
|7     |    ed_btn         |edge_detector_p_7  |     3|
|8     |    ed_clk         |edge_detector_p_8  |     3|
|9     |  btn_timer_cntr   |button_cntr_2      |     6|
|10    |    ed_btn         |edge_detector_p_6  |     5|
|11    |  control_pwm      |pwm_cntr           |   365|
|12    |    ed             |edge_detector_p    |     6|
|13    |    msec_clk       |clock_div_1000     |    30|
|14    |      ed           |edge_detector_n_5  |     5|
|15    |    sec_clk        |clock_div_1000_3   |    30|
|16    |      ed           |edge_detector_n_4  |     5|
|17    |    usec_clk       |clock_div_100      |    20|
|18    |      ed           |edge_detector_n    |     4|
|19    |  fnd              |fnd_cntr           |    19|
|20    |    nolabel_line40 |decoder_7seg       |     7|
|21    |    rc             |ring_counter_fnd   |     8|
|22    |  power_cntr_0     |power_cntr         |    21|
+------+-------------------+-------------------+------+
---------------------------------------------------------------------------------
Finished Writing Synthesis Report : Time (s): cpu = 00:00:10 ; elapsed = 00:00:18 . Memory (MB): peak = 1347.219 ; gain = 415.652
---------------------------------------------------------------------------------
Synthesis finished with 0 errors, 3 critical warnings and 2 warnings.
Synthesis Optimization Runtime : Time (s): cpu = 00:00:08 ; elapsed = 00:00:16 . Memory (MB): peak = 1347.219 ; gain = 297.215
Synthesis Optimization Complete : Time (s): cpu = 00:00:11 ; elapsed = 00:00:18 . Memory (MB): peak = 1347.219 ; gain = 415.652
INFO: [Project 1-571] Translating synthesized netlist
Netlist sorting complete. Time (s): cpu = 00:00:00 ; elapsed = 00:00:00.006 . Memory (MB): peak = 1351.773 ; gain = 0.000
INFO: [Netlist 29-17] Analyzing 37 Unisim elements for replacement
INFO: [Netlist 29-28] Unisim Transformation completed in 0 CPU seconds
INFO: [Project 1-570] Preparing netlist for logic optimization
INFO: [Opt 31-138] Pushed 0 inverter(s) to 0 load pin(s).
Netlist sorting complete. Time (s): cpu = 00:00:00 ; elapsed = 00:00:00 . Memory (MB): peak = 1352.730 ; gain = 0.000
INFO: [Project 1-111] Unisim Transformation Summary:
No Unisim elements were transformed.

INFO: [Common 17-83] Releasing license: Synthesis
52 Infos, 29 Warnings, 4 Critical Warnings and 0 Errors encountered.
synth_design completed successfully
synth_design: Time (s): cpu = 00:00:13 ; elapsed = 00:00:23 . Memory (MB): peak = 1352.730 ; gain = 702.227
Netlist sorting complete. Time (s): cpu = 00:00:00 ; elapsed = 00:00:00 . Memory (MB): peak = 1352.730 ; gain = 0.000
WARNING: [Constraints 18-5210] No constraints selected for write.
Resolution: This message can indicate that there are no constraints for the design, or it can indicate that the used_in flags are set such that the constraints are ignored. This later case is used when running synth_design to not write synthesis constraints to the resulting checkpoint. Instead, project constraints are read when the synthesized design is opened.
INFO: [Common 17-1381] The checkpoint 'E:/Work/vivado_2019/basys3_soc/basys3_soc.runs/synth_1/top_module_of_electric_fan.dcp' has been generated.
INFO: [runtcl-4] Executing : report_utilization -file top_module_of_electric_fan_utilization_synth.rpt -pb top_module_of_electric_fan_utilization_synth.pb
INFO: [Common 17-206] Exiting Vivado at Tue Aug 13 08:42:01 2024...
