#-----------------------------------------------------------
# Vivado v2019.2 (64-bit)
# SW Build 2708876 on Wed Nov  6 21:40:23 MST 2019
# IP Build 2700528 on Thu Nov  7 00:09:20 MST 2019
# Start of session at: Tue Aug 13 16:18:31 2024
# Process ID: 2176
# Current directory: C:/Users/PC/Documents/GitHub/AIRCONOMY_Verilog_Project/Eletric_Fan_1
# Command line: vivado.exe -gui_launcher_event rodinguilauncherevent1420 C:\Users\PC\Documents\GitHub\AIRCONOMY_Verilog_Project\Eletric_Fan_1\basys3_soc.xpr
# Log file: C:/Users/PC/Documents/GitHub/AIRCONOMY_Verilog_Project/Eletric_Fan_1/vivado.log
# Journal file: C:/Users/PC/Documents/GitHub/AIRCONOMY_Verilog_Project/Eletric_Fan_1\vivado.jou
#-----------------------------------------------------------
start_gui
open_project C:/Users/PC/Documents/GitHub/AIRCONOMY_Verilog_Project/Eletric_Fan_1/basys3_soc.xpr
INFO: [Project 1-313] Project file moved from 'C:/Users/kimhk/Documents/GitHub/AIRCONOMY_Verilog_Project/Eletric_Fan_1' since last save.
Scanning sources...
Finished scanning sources
WARNING: [filemgmt 56-2] Board Part Repository Path: Could not find the directory 'C:/Users/PC/Documents/Users/kcci/AppData/Roaming/Xilinx/Vivado/2019.2/xhub/board_store', nor could it be found using path 'C:/Users/kimhk/Documents/Users/kcci/AppData/Roaming/Xilinx/Vivado/2019.2/xhub/board_store'.
CRITICAL WARNING: [Board 49-67] The board_part definition was not found for digilentinc.com:basys3:part0:1.1. This can happen sometimes when you use custom board part. You can resolve this issue by setting 'board.repoPaths' parameter, pointing to the location of custom board files. Valid board_part values can be retrieved with the 'get_board_parts' Tcl command.
INFO: [IP_Flow 19-234] Refreshing IP repositories
INFO: [IP_Flow 19-1704] No user IP repositories specified
INFO: [IP_Flow 19-2313] Loaded Vivado IP repository 'C:/Xilinx/Vivado/2019.2/data/ip'.
open_project: Time (s): cpu = 00:00:16 ; elapsed = 00:00:08 . Memory (MB): peak = 875.789 ; gain = 244.512
update_compile_order -fileset sources_1
reset_run synth_1
launch_runs impl_1 -to_step write_bitstream -jobs 4
[Tue Aug 13 16:20:16 2024] Launched synth_1...
Run output will be captured here: C:/Users/PC/Documents/GitHub/AIRCONOMY_Verilog_Project/Eletric_Fan_1/basys3_soc.runs/synth_1/runme.log
[Tue Aug 13 16:20:16 2024] Launched impl_1...
Run output will be captured here: C:/Users/PC/Documents/GitHub/AIRCONOMY_Verilog_Project/Eletric_Fan_1/basys3_soc.runs/impl_1/runme.log
open_hw_manager
connect_hw_server -allow_non_jtag
INFO: [Labtools 27-2285] Connecting to hw_server url TCP:localhost:3121
INFO: [Labtools 27-2222] Launching hw_server...
INFO: [Labtools 27-2221] Launch Output:

****** Xilinx hw_server v2019.2
  **** Build date : Nov  6 2019 at 22:12:23
    ** Copyright 1986-2019 Xilinx, Inc. All Rights Reserved.


INFO: [Labtools 27-3415] Connecting to cs_server url TCP:localhost:3042
INFO: [Labtools 27-3417] Launching cs_server...
INFO: [Labtools 27-2221] Launch Output:


****** Xilinx cs_server v2019.2.0
  **** Build date : Nov 07 2019-14:28:22
    ** Copyright 2017-2019 Xilinx, Inc. All Rights Reserved.



connect_hw_server: Time (s): cpu = 00:00:01 ; elapsed = 00:00:07 . Memory (MB): peak = 1000.145 ; gain = 0.000
disconnect_hw_server localhost:3121
connect_hw_server -allow_non_jtag
INFO: [Labtools 27-2285] Connecting to hw_server url TCP:localhost:3121
INFO: [Labtools 27-3415] Connecting to cs_server url TCP:localhost:3042
INFO: [Labtools 27-3414] Connected to existing cs_server.
disconnect_hw_server localhost:3121
connect_hw_server -allow_non_jtag
INFO: [Labtools 27-2285] Connecting to hw_server url TCP:localhost:3121
INFO: [Labtools 27-3415] Connecting to cs_server url TCP:localhost:3042
INFO: [Labtools 27-3414] Connected to existing cs_server.
disconnect_hw_server localhost:3121
connect_hw_server -allow_non_jtag
INFO: [Labtools 27-2285] Connecting to hw_server url TCP:localhost:3121
INFO: [Labtools 27-3415] Connecting to cs_server url TCP:localhost:3042
INFO: [Labtools 27-3414] Connected to existing cs_server.
open_hw_target
INFO: [Labtoolstcl 44-466] Opening hw_target localhost:3121/xilinx_tcf/Digilent/210183B9A5E8A
open_hw_target: Time (s): cpu = 00:00:06 ; elapsed = 00:00:06 . Memory (MB): peak = 2161.027 ; gain = 1160.883
set_property PROGRAM.FILE {C:/Users/PC/Documents/GitHub/AIRCONOMY_Verilog_Project/Eletric_Fan_1/basys3_soc.runs/impl_1/top_module_of_electric_fan.bit} [get_hw_devices xc7a35t_0]
current_hw_device [get_hw_devices xc7a35t_0]
refresh_hw_device -update_hw_probes false [lindex [get_hw_devices xc7a35t_0] 0]
INFO: [Labtools 27-1435] Device xc7a35t (JTAG device index = 0) is not programmed (DONE status = 0).
set_property PROBES.FILE {} [get_hw_devices xc7a35t_0]
set_property FULL_PROBES.FILE {} [get_hw_devices xc7a35t_0]
set_property PROGRAM.FILE {C:/Users/PC/Documents/GitHub/AIRCONOMY_Verilog_Project/Eletric_Fan_1/basys3_soc.runs/impl_1/top_module_of_electric_fan.bit} [get_hw_devices xc7a35t_0]
program_hw_devices [get_hw_devices xc7a35t_0]
INFO: [Labtools 27-3164] End of startup status: HIGH
refresh_hw_device [lindex [get_hw_devices xc7a35t_0] 0]
INFO: [Labtools 27-1434] Device xc7a35t (JTAG device index = 0) is programmed with a design that has no supported debug core(s) in it.
update_compile_order -fileset sources_1
reset_run synth_1
launch_runs impl_1 -to_step write_bitstream -jobs 4
[Tue Aug 13 16:29:22 2024] Launched synth_1...
Run output will be captured here: C:/Users/PC/Documents/GitHub/AIRCONOMY_Verilog_Project/Eletric_Fan_1/basys3_soc.runs/synth_1/runme.log
[Tue Aug 13 16:29:22 2024] Launched impl_1...
Run output will be captured here: C:/Users/PC/Documents/GitHub/AIRCONOMY_Verilog_Project/Eletric_Fan_1/basys3_soc.runs/impl_1/runme.log
set_property PROBES.FILE {} [get_hw_devices xc7a35t_0]
set_property FULL_PROBES.FILE {} [get_hw_devices xc7a35t_0]
set_property PROGRAM.FILE {C:/Users/PC/Documents/GitHub/AIRCONOMY_Verilog_Project/Eletric_Fan_1/basys3_soc.runs/impl_1/top_module_of_electric_fan.bit} [get_hw_devices xc7a35t_0]
program_hw_devices [get_hw_devices xc7a35t_0]
INFO: [Labtools 27-3164] End of startup status: HIGH
refresh_hw_device [lindex [get_hw_devices xc7a35t_0] 0]
INFO: [Labtools 27-1434] Device xc7a35t (JTAG device index = 0) is programmed with a design that has no supported debug core(s) in it.
exit
INFO: [Common 17-206] Exiting Vivado at Tue Aug 13 16:36:03 2024...
