#-----------------------------------------------------------
# Vivado v2019.2 (64-bit)
# SW Build 2708876 on Wed Nov  6 21:40:23 MST 2019
# IP Build 2700528 on Thu Nov  7 00:09:20 MST 2019
# Start of session at: Tue Aug 13 16:36:28 2024
# Process ID: 9052
# Current directory: C:/Users/PC/Documents/GitHub/AIRCONOMY_Verilog_Project/Eletric_Fan_1
# Command line: vivado.exe -gui_launcher_event rodinguilauncherevent10548 C:\Users\PC\Documents\GitHub\AIRCONOMY_Verilog_Project\Eletric_Fan_1\basys3_soc.xpr
# Log file: C:/Users/PC/Documents/GitHub/AIRCONOMY_Verilog_Project/Eletric_Fan_1/vivado.log
# Journal file: C:/Users/PC/Documents/GitHub/AIRCONOMY_Verilog_Project/Eletric_Fan_1\vivado.jou
#-----------------------------------------------------------
start_gui
open_project C:/Users/PC/Documents/GitHub/AIRCONOMY_Verilog_Project/Eletric_Fan_1/basys3_soc.xpr
Scanning sources...
Finished scanning sources
WARNING: [filemgmt 56-3] Board Part Repository Path: Could not find the directory 'C:/Users/PC/Documents/Users/kcci/AppData/Roaming/Xilinx/Vivado/2019.2/xhub/board_store'.
INFO: [IP_Flow 19-234] Refreshing IP repositories
INFO: [IP_Flow 19-1704] No user IP repositories specified
INFO: [IP_Flow 19-2313] Loaded Vivado IP repository 'C:/Xilinx/Vivado/2019.2/data/ip'.
open_project: Time (s): cpu = 00:00:16 ; elapsed = 00:00:08 . Memory (MB): peak = 886.117 ; gain = 230.773
update_compile_order -fileset sources_1
reset_run synth_1
launch_runs impl_1 -to_step write_bitstream -jobs 4
[Tue Aug 13 16:39:22 2024] Launched synth_1...
Run output will be captured here: C:/Users/PC/Documents/GitHub/AIRCONOMY_Verilog_Project/Eletric_Fan_1/basys3_soc.runs/synth_1/runme.log
[Tue Aug 13 16:39:22 2024] Launched impl_1...
Run output will be captured here: C:/Users/PC/Documents/GitHub/AIRCONOMY_Verilog_Project/Eletric_Fan_1/basys3_soc.runs/impl_1/runme.log
open_hw_manager
connect_hw_server -allow_non_jtag
INFO: [Labtools 27-2285] Connecting to hw_server url TCP:localhost:3121
INFO: [Labtools 27-2222] Launching hw_server...
INFO: [Labtools 27-2221] Launch Output:

****** Xilinx hw_server v2019.2
  **** Build date : Nov  6 2019 at 22:12:23
    ** Copyright 1986-2019 Xilinx, Inc. All Rights Reserved.


INFO: [Labtools 27-3415] Connecting to cs_server url TCP:localhost:3042
INFO: [Labtools 27-3417] Launching cs_server...
INFO: [Labtools 27-2221] Launch Output:


****** Xilinx cs_server v2019.2.0
  **** Build date : Nov 07 2019-14:28:22
    ** Copyright 2017-2019 Xilinx, Inc. All Rights Reserved.



connect_hw_server: Time (s): cpu = 00:00:01 ; elapsed = 00:00:08 . Memory (MB): peak = 912.285 ; gain = 15.414
open_hw_target
INFO: [Labtoolstcl 44-466] Opening hw_target localhost:3121/xilinx_tcf/Digilent/210183B9A5E8A
open_hw_target: Time (s): cpu = 00:00:05 ; elapsed = 00:00:06 . Memory (MB): peak = 2142.293 ; gain = 1230.008
set_property PROGRAM.FILE {C:/Users/PC/Documents/GitHub/AIRCONOMY_Verilog_Project/Eletric_Fan_1/basys3_soc.runs/impl_1/top_module_of_electric_fan.bit} [get_hw_devices xc7a35t_0]
current_hw_device [get_hw_devices xc7a35t_0]
refresh_hw_device -update_hw_probes false [lindex [get_hw_devices xc7a35t_0] 0]
INFO: [Labtools 27-1434] Device xc7a35t (JTAG device index = 0) is programmed with a design that has no supported debug core(s) in it.
set_property PROBES.FILE {} [get_hw_devices xc7a35t_0]
set_property FULL_PROBES.FILE {} [get_hw_devices xc7a35t_0]
set_property PROGRAM.FILE {C:/Users/PC/Documents/GitHub/AIRCONOMY_Verilog_Project/Eletric_Fan_1/basys3_soc.runs/impl_1/top_module_of_electric_fan.bit} [get_hw_devices xc7a35t_0]
program_hw_devices [get_hw_devices xc7a35t_0]
INFO: [Labtools 27-3164] End of startup status: HIGH
refresh_hw_device [lindex [get_hw_devices xc7a35t_0] 0]
INFO: [Labtools 27-1434] Device xc7a35t (JTAG device index = 0) is programmed with a design that has no supported debug core(s) in it.
ERROR: [Labtoolstcl 44-513] HW Target shutdown. Closing target: localhost:3121/xilinx_tcf/Digilent/210183B9A5E8A
INFO: [Labtoolstcl 44-466] Opening hw_target localhost:3121/xilinx_tcf/Digilent/210183B9A5E8A
INFO: [Labtools 27-1434] Device xc7a35t (JTAG device index = 0) is programmed with a design that has no supported debug core(s) in it.
WARNING: [Labtoolstcl 44-129] No matching hw_ila_data was found.
ERROR: [Labtoolstcl 44-513] HW Target shutdown. Closing target: localhost:3121/xilinx_tcf/Digilent/210183B9A5E8A
close_hw_manager
reset_run synth_1
launch_runs impl_1 -to_step write_bitstream -jobs 4
[Tue Aug 13 17:05:35 2024] Launched synth_1...
Run output will be captured here: C:/Users/PC/Documents/GitHub/AIRCONOMY_Verilog_Project/Eletric_Fan_1/basys3_soc.runs/synth_1/runme.log
[Tue Aug 13 17:05:35 2024] Launched impl_1...
Run output will be captured here: C:/Users/PC/Documents/GitHub/AIRCONOMY_Verilog_Project/Eletric_Fan_1/basys3_soc.runs/impl_1/runme.log
open_hw_manager
connect_hw_server -allow_non_jtag
INFO: [Labtools 27-2285] Connecting to hw_server url TCP:localhost:3121
INFO: [Labtools 27-2222] Launching hw_server...
INFO: [Labtools 27-2221] Launch Output:

****** Xilinx hw_server v2019.2
  **** Build date : Nov  6 2019 at 22:12:23
    ** Copyright 1986-2019 Xilinx, Inc. All Rights Reserved.


INFO: [Labtools 27-3415] Connecting to cs_server url TCP:localhost:3042
INFO: [Labtools 27-3417] Launching cs_server...
INFO: [Labtools 27-2221] Launch Output:


****** Xilinx cs_server v2019.2.0
  **** Build date : Nov 07 2019-14:28:22
    ** Copyright 2017-2019 Xilinx, Inc. All Rights Reserved.



connect_hw_server: Time (s): cpu = 00:00:00 ; elapsed = 00:00:07 . Memory (MB): peak = 2200.684 ; gain = 0.000
reset_run synth_1
launch_runs impl_1 -to_step write_bitstream -jobs 4
[Tue Aug 13 17:09:11 2024] Launched synth_1...
Run output will be captured here: C:/Users/PC/Documents/GitHub/AIRCONOMY_Verilog_Project/Eletric_Fan_1/basys3_soc.runs/synth_1/runme.log
[Tue Aug 13 17:09:11 2024] Launched impl_1...
Run output will be captured here: C:/Users/PC/Documents/GitHub/AIRCONOMY_Verilog_Project/Eletric_Fan_1/basys3_soc.runs/impl_1/runme.log
reset_run synth_1
launch_runs impl_1 -to_step write_bitstream -jobs 4
[Tue Aug 13 17:09:47 2024] Launched synth_1...
Run output will be captured here: C:/Users/PC/Documents/GitHub/AIRCONOMY_Verilog_Project/Eletric_Fan_1/basys3_soc.runs/synth_1/runme.log
[Tue Aug 13 17:09:47 2024] Launched impl_1...
Run output will be captured here: C:/Users/PC/Documents/GitHub/AIRCONOMY_Verilog_Project/Eletric_Fan_1/basys3_soc.runs/impl_1/runme.log
disconnect_hw_server localhost:3121
connect_hw_server -allow_non_jtag
INFO: [Labtools 27-2285] Connecting to hw_server url TCP:localhost:3121
INFO: [Labtools 27-3415] Connecting to cs_server url TCP:localhost:3042
INFO: [Labtools 27-3414] Connected to existing cs_server.
disconnect_hw_server localhost:3121
connect_hw_server -allow_non_jtag
INFO: [Labtools 27-2285] Connecting to hw_server url TCP:localhost:3121
INFO: [Labtools 27-3415] Connecting to cs_server url TCP:localhost:3042
INFO: [Labtools 27-3414] Connected to existing cs_server.
disconnect_hw_server localhost:3121
connect_hw_server -allow_non_jtag
INFO: [Labtools 27-2285] Connecting to hw_server url TCP:localhost:3121
INFO: [Labtools 27-3415] Connecting to cs_server url TCP:localhost:3042
INFO: [Labtools 27-3414] Connected to existing cs_server.
disconnect_hw_server localhost:3121
connect_hw_server -allow_non_jtag
INFO: [Labtools 27-2285] Connecting to hw_server url TCP:localhost:3121
INFO: [Labtools 27-3415] Connecting to cs_server url TCP:localhost:3042
INFO: [Labtools 27-3414] Connected to existing cs_server.
open_hw_target
INFO: [Labtoolstcl 44-466] Opening hw_target localhost:3121/xilinx_tcf/Digilent/210183B9A5E8A
set_property PROGRAM.FILE {C:/Users/PC/Documents/GitHub/AIRCONOMY_Verilog_Project/Eletric_Fan_1/basys3_soc.runs/impl_1/top_module_of_electric_fan.bit} [get_hw_devices xc7a35t_0]
current_hw_device [get_hw_devices xc7a35t_0]
refresh_hw_device -update_hw_probes false [lindex [get_hw_devices xc7a35t_0] 0]
INFO: [Labtools 27-1435] Device xc7a35t (JTAG device index = 0) is not programmed (DONE status = 0).
set_property PROBES.FILE {} [get_hw_devices xc7a35t_0]
set_property FULL_PROBES.FILE {} [get_hw_devices xc7a35t_0]
set_property PROGRAM.FILE {C:/Users/PC/Documents/GitHub/AIRCONOMY_Verilog_Project/Eletric_Fan_1/basys3_soc.runs/impl_1/top_module_of_electric_fan.bit} [get_hw_devices xc7a35t_0]
program_hw_devices [get_hw_devices xc7a35t_0]
INFO: [Labtools 27-3164] End of startup status: HIGH
refresh_hw_device [lindex [get_hw_devices xc7a35t_0] 0]
INFO: [Labtools 27-1434] Device xc7a35t (JTAG device index = 0) is programmed with a design that has no supported debug core(s) in it.
ERROR: [Labtoolstcl 44-513] HW Target shutdown. Closing target: localhost:3121/xilinx_tcf/Digilent/210183B9A5E8A
exit
INFO: [Common 17-206] Exiting Vivado at Tue Aug 13 17:15:35 2024...
