Copyright 1986-2019 Xilinx, Inc. All Rights Reserved.
-------------------------------------------------------------------------------------------------------------------------------------------------
| Tool Version : Vivado v.2019.2 (win64) Build 2708876 Wed Nov  6 21:40:23 MST 2019
<<<<<<< Updated upstream
| Date         : Tue Aug 13 16:28:19 2024
| Host         : DESKTOP-5VNL0D5 running 64-bit major release  (build 9200)
=======
| Date         : Wed Aug 14 10:01:00 2024
| Host         : DESKTOP-VQQPT2C running 64-bit major release  (build 9200)
>>>>>>> Stashed changes
| Command      : report_utilization -file top_module_of_electric_fan_utilization_placed.rpt -pb top_module_of_electric_fan_utilization_placed.pb
| Design       : top_module_of_electric_fan
| Device       : 7a35tcpg236-1
| Design State : Fully Placed
-------------------------------------------------------------------------------------------------------------------------------------------------

Utilization Design Information

Table of Contents
-----------------
1. Slice Logic
1.1 Summary of Registers by Type
2. Slice Logic Distribution
3. Memory
4. DSP
5. IO and GT Specific
6. Clocking
7. Specific Feature
8. Primitives
9. Black Boxes
10. Instantiated Netlists

1. Slice Logic
--------------

+-------------------------+------+-------+-----------+-------+
|        Site Type        | Used | Fixed | Available | Util% |
+-------------------------+------+-------+-----------+-------+
<<<<<<< Updated upstream
| Slice LUTs              |  211 |     0 |     20800 |  1.01 |
|   LUT as Logic          |  211 |     0 |     20800 |  1.01 |
=======
| Slice LUTs              |  470 |     0 |     20800 |  2.26 |
|   LUT as Logic          |  470 |     0 |     20800 |  2.26 |
>>>>>>> Stashed changes
|   LUT as Memory         |    0 |     0 |      9600 |  0.00 |
| Slice Registers         |  164 |     0 |     41600 |  0.39 |
|   Register as Flip Flop |  164 |     0 |     41600 |  0.39 |
|   Register as Latch     |    0 |     0 |     41600 |  0.00 |
| F7 Muxes                |    0 |     0 |     16300 |  0.00 |
| F8 Muxes                |    0 |     0 |      8150 |  0.00 |
+-------------------------+------+-------+-----------+-------+


1.1 Summary of Registers by Type
--------------------------------

+-------+--------------+-------------+--------------+
| Total | Clock Enable | Synchronous | Asynchronous |
+-------+--------------+-------------+--------------+
| 0     |            _ |           - |            - |
| 0     |            _ |           - |          Set |
| 0     |            _ |           - |        Reset |
| 0     |            _ |         Set |            - |
| 0     |            _ |       Reset |            - |
| 0     |          Yes |           - |            - |
| 9     |          Yes |           - |          Set |
| 132   |          Yes |           - |        Reset |
| 0     |          Yes |         Set |            - |
| 23    |          Yes |       Reset |            - |
+-------+--------------+-------------+--------------+


2. Slice Logic Distribution
---------------------------

+--------------------------------------------+------+-------+-----------+-------+
|                  Site Type                 | Used | Fixed | Available | Util% |
+--------------------------------------------+------+-------+-----------+-------+
<<<<<<< Updated upstream
| Slice                                      |   72 |     0 |      8150 |  0.88 |
|   SLICEL                                   |   53 |     0 |           |       |
|   SLICEM                                   |   19 |     0 |           |       |
| LUT as Logic                               |  211 |     0 |     20800 |  1.01 |
|   using O5 output only                     |    0 |       |           |       |
|   using O6 output only                     |  155 |       |           |       |
|   using O5 and O6                          |   56 |       |           |       |
| LUT as Memory                              |    0 |     0 |      9600 |  0.00 |
|   LUT as Distributed RAM                   |    0 |     0 |           |       |
|   LUT as Shift Register                    |    0 |     0 |           |       |
| Slice Registers                            |  164 |     0 |     41600 |  0.39 |
|   Register driven from within the Slice    |  140 |       |           |       |
|   Register driven from outside the Slice   |   24 |       |           |       |
|     LUT in front of the register is unused |   12 |       |           |       |
|     LUT in front of the register is used   |   12 |       |           |       |
| Unique Control Sets                        |   12 |       |      8150 |  0.15 |
=======
| Slice                                      |  165 |     0 |      8150 |  2.02 |
|   SLICEL                                   |  107 |     0 |           |       |
|   SLICEM                                   |   58 |     0 |           |       |
| LUT as Logic                               |  470 |     0 |     20800 |  2.26 |
|   using O5 output only                     |    3 |       |           |       |
|   using O6 output only                     |  360 |       |           |       |
|   using O5 and O6                          |  107 |       |           |       |
| LUT as Memory                              |    0 |     0 |      9600 |  0.00 |
|   LUT as Distributed RAM                   |    0 |     0 |           |       |
|   LUT as Shift Register                    |    0 |     0 |           |       |
| Slice Registers                            |  359 |     0 |     41600 |  0.86 |
|   Register driven from within the Slice    |  321 |       |           |       |
|   Register driven from outside the Slice   |   38 |       |           |       |
|     LUT in front of the register is unused |   12 |       |           |       |
|     LUT in front of the register is used   |   26 |       |           |       |
| Unique Control Sets                        |   20 |       |      8150 |  0.25 |
>>>>>>> Stashed changes
+--------------------------------------------+------+-------+-----------+-------+
* Note: Available Control Sets calculated as Slice Registers / 8, Review the Control Sets Report for more information regarding control sets.


3. Memory
---------

+----------------+------+-------+-----------+-------+
|    Site Type   | Used | Fixed | Available | Util% |
+----------------+------+-------+-----------+-------+
| Block RAM Tile |    0 |     0 |        50 |  0.00 |
|   RAMB36/FIFO* |    0 |     0 |        50 |  0.00 |
|   RAMB18       |    0 |     0 |       100 |  0.00 |
+----------------+------+-------+-----------+-------+
* Note: Each Block RAM Tile only has one FIFO logic available and therefore can accommodate only one FIFO36E1 or one FIFO18E1. However, if a FIFO18E1 occupies a Block RAM Tile, that tile can still accommodate a RAMB18E1


4. DSP
------

+-----------+------+-------+-----------+-------+
| Site Type | Used | Fixed | Available | Util% |
+-----------+------+-------+-----------+-------+
| DSPs      |    0 |     0 |        90 |  0.00 |
+-----------+------+-------+-----------+-------+


5. IO and GT Specific
---------------------

+-----------------------------+------+-------+-----------+-------+
|          Site Type          | Used | Fixed | Available | Util% |
+-----------------------------+------+-------+-----------+-------+
| Bonded IOB                  |   24 |    24 |       106 | 22.64 |
|   IOB Master Pads           |    9 |       |           |       |
|   IOB Slave Pads            |   15 |       |           |       |
| Bonded IPADs                |    0 |     0 |        10 |  0.00 |
| Bonded OPADs                |    0 |     0 |         4 |  0.00 |
| PHY_CONTROL                 |    0 |     0 |         5 |  0.00 |
| PHASER_REF                  |    0 |     0 |         5 |  0.00 |
| OUT_FIFO                    |    0 |     0 |        20 |  0.00 |
| IN_FIFO                     |    0 |     0 |        20 |  0.00 |
| IDELAYCTRL                  |    0 |     0 |         5 |  0.00 |
| IBUFDS                      |    0 |     0 |       104 |  0.00 |
| GTPE2_CHANNEL               |    0 |     0 |         2 |  0.00 |
| PHASER_OUT/PHASER_OUT_PHY   |    0 |     0 |        20 |  0.00 |
| PHASER_IN/PHASER_IN_PHY     |    0 |     0 |        20 |  0.00 |
| IDELAYE2/IDELAYE2_FINEDELAY |    0 |     0 |       250 |  0.00 |
| IBUFDS_GTE2                 |    0 |     0 |         2 |  0.00 |
| ILOGIC                      |    0 |     0 |       106 |  0.00 |
| OLOGIC                      |    0 |     0 |       106 |  0.00 |
+-----------------------------+------+-------+-----------+-------+


6. Clocking
-----------

+------------+------+-------+-----------+-------+
|  Site Type | Used | Fixed | Available | Util% |
+------------+------+-------+-----------+-------+
| BUFGCTRL   |    1 |     0 |        32 |  3.13 |
| BUFIO      |    0 |     0 |        20 |  0.00 |
| MMCME2_ADV |    0 |     0 |         5 |  0.00 |
| PLLE2_ADV  |    0 |     0 |         5 |  0.00 |
| BUFMRCE    |    0 |     0 |        10 |  0.00 |
| BUFHCE     |    0 |     0 |        72 |  0.00 |
| BUFR       |    0 |     0 |        20 |  0.00 |
+------------+------+-------+-----------+-------+


7. Specific Feature
-------------------

+-------------+------+-------+-----------+-------+
|  Site Type  | Used | Fixed | Available | Util% |
+-------------+------+-------+-----------+-------+
| BSCANE2     |    0 |     0 |         4 |  0.00 |
| CAPTUREE2   |    0 |     0 |         1 |  0.00 |
| DNA_PORT    |    0 |     0 |         1 |  0.00 |
| EFUSE_USR   |    0 |     0 |         1 |  0.00 |
| FRAME_ECCE2 |    0 |     0 |         1 |  0.00 |
| ICAPE2      |    0 |     0 |         2 |  0.00 |
| PCIE_2_1    |    0 |     0 |         1 |  0.00 |
| STARTUPE2   |    0 |     0 |         1 |  0.00 |
| XADC        |    0 |     0 |         1 |  0.00 |
+-------------+------+-------+-----------+-------+


8. Primitives
-------------

+----------+------+---------------------+
| Ref Name | Used | Functional Category |
+----------+------+---------------------+
<<<<<<< Updated upstream
| LUT2     |  173 |                 LUT |
| FDCE     |  132 |        Flop & Latch |
| CARRY4   |   39 |          CarryLogic |
| LUT6     |   32 |                 LUT |
| LUT5     |   31 |                 LUT |
| FDRE     |   23 |        Flop & Latch |
| OBUF     |   17 |                  IO |
| LUT4     |   17 |                 LUT |
| LUT3     |   10 |                 LUT |
| FDPE     |    9 |        Flop & Latch |
| IBUF     |    6 |                  IO |
| LUT1     |    4 |                 LUT |
=======
| LUT2     |  354 |                 LUT |
| FDCE     |  278 |        Flop & Latch |
| CARRY4   |   97 |          CarryLogic |
| LUT6     |   88 |                 LUT |
| LUT4     |   67 |                 LUT |
| FDRE     |   65 |        Flop & Latch |
| LUT5     |   34 |                 LUT |
| OBUF     |   23 |                  IO |
| LUT3     |   18 |                 LUT |
| LUT1     |   16 |                 LUT |
| FDPE     |   16 |        Flop & Latch |
| IBUF     |    8 |                  IO |
>>>>>>> Stashed changes
| OBUFT    |    1 |                  IO |
| BUFG     |    1 |               Clock |
+----------+------+---------------------+


9. Black Boxes
--------------

+----------+------+
| Ref Name | Used |
+----------+------+


10. Instantiated Netlists
-------------------------

+----------+------+
| Ref Name | Used |
+----------+------+


